<?xml version="1.0" encoding="UTF-8"?>
<!-- Generated by org.testng.reporters.JUnitXMLReporter -->
<testsuite hostname="Tejomayis-MBP" ignored="0" name="Default test" tests="3" failures="0" timestamp="2021-05-09T21:55:02 CDT" time="7.579" errors="0">
  <testcase name="Test_01" time="4.648" classname="RestAssuredDemo.RestAssuredProject.RestAssuredAPITest"/>
  <testcase name="Test_02" time="1.372" classname="RestAssuredDemo.RestAssuredProject.RestAssuredAPITest"/>
  <testcase name="Test_03" time="1.522" classname="RestAssuredDemo.RestAssuredProject.RestAssuredAPITest"/>
</testsuite> <!-- Default test -->
